[0.050s] Invoking command in '/home/urc/rover/build/realsense2_camera_msgs': CMAKE_PREFIX_PATH=/opt/ros/humble /usr/bin/cmake /home/urc/rover/src/realsense-ros/realsense2_camera_msgs -DCMAKE_INSTALL_PREFIX=/home/urc/rover/install/realsense2_camera_msgs
[0.098s] -- Found ament_cmake: 1.3.10 (/opt/ros/humble/share/ament_cmake/cmake)
[0.707s] -- Found rosidl_default_generators: 1.2.0 (/opt/ros/humble/share/rosidl_default_generators/cmake)
[0.714s] -- Using all available rosidl_typesupport_c: rosidl_typesupport_fastrtps_c;rosidl_typesupport_introspection_c
[0.727s] -- Found rosidl_adapter: 3.1.5 (/opt/ros/humble/share/rosidl_adapter/cmake)
[0.806s] [33mCMake Warning at /opt/ros/humble/share/rcutils/cmake/ament_cmake_export_libraries-extras.cmake:116 (message):
[0.807s]   Package 'rcutils' exports library 'dl' which couldn't be found
[0.807s] Call Stack (most recent call first):
[0.807s]   /opt/ros/humble/share/rcutils/cmake/rcutilsConfig.cmake:41 (include)
[0.808s]   /opt/ros/humble/share/rosidl_runtime_c/cmake/ament_cmake_export_dependencies-extras.cmake:21 (find_package)
[0.808s]   /opt/ros/humble/share/rosidl_runtime_c/cmake/rosidl_runtime_cConfig.cmake:41 (include)
[0.809s]   /opt/ros/humble/share/rosidl_typesupport_fastrtps_c/cmake/ament_cmake_export_dependencies-extras.cmake:21 (find_package)
[0.809s]   /opt/ros/humble/share/rosidl_typesupport_fastrtps_c/cmake/rosidl_typesupport_fastrtps_cConfig.cmake:41 (include)
[0.809s]   /opt/ros/humble/share/rosidl_typesupport_c/cmake/rosidl_typesupport_c-extras.cmake:13 (find_package)
[0.810s]   /opt/ros/humble/share/rosidl_typesupport_c/cmake/rosidl_typesupport_cConfig.cmake:41 (include)
[0.810s]   /opt/ros/humble/share/rosidl_default_generators/cmake/rosidl_default_generators-extras.cmake:21 (find_package)
[0.810s]   /opt/ros/humble/share/rosidl_default_generators/cmake/rosidl_default_generatorsConfig.cmake:41 (include)
[0.811s]   CMakeLists.txt:28 (find_package)
[0.811s] 
[0.811s] [0m
[0.876s] -- Using all available rosidl_typesupport_cpp: rosidl_typesupport_fastrtps_cpp;rosidl_typesupport_introspection_cpp
[0.993s] -- Found builtin_interfaces: 1.2.1 (/opt/ros/humble/share/builtin_interfaces/cmake)
[1.043s] -- Found std_msgs: 4.2.4 (/opt/ros/humble/share/std_msgs/cmake)
[1.092s] -- Found sensor_msgs: 4.2.4 (/opt/ros/humble/share/sensor_msgs/cmake)
[1.688s] [31mCMake Error at /opt/ros/humble/share/rosidl_adapter/cmake/rosidl_adapt_interfaces.cmake:59 (message):
[1.688s]   
[1.689s]   execute_process(/nix/store/kbazl84h1h25mcx4amwiyfhrx3f61nfc-python3-3.11.8-env/bin/python3
[1.689s]   -m rosidl_adapter --package-name realsense2_camera_msgs --arguments-file
[1.690s]   /home/urc/rover/build/realsense2_camera_msgs/rosidl_adapter__arguments__realsense2_camera_msgs.json
[1.690s]   --output-dir
[1.690s]   /home/urc/rover/build/realsense2_camera_msgs/rosidl_adapter/realsense2_camera_msgs
[1.691s]   --output-file
[1.691s]   /home/urc/rover/build/realsense2_camera_msgs/rosidl_adapter/realsense2_camera_msgs.idls)
[1.691s]   returned error code 1:
[1.692s] 
[1.692s]   Traceback (most recent call last):
[1.692s] 
[1.693s]     File "<frozen runpy>", line 198, in _run_module_as_main
[1.693s]     File "<frozen runpy>", line 88, in _run_code
[1.694s]     File "/opt/ros/humble/local/lib/python3.10/dist-packages/rosidl_adapter/__main__.py", line 19, in <module>
[1.694s]       sys.exit(main())
[1.695s]                ^^^^^^
[1.696s]     File "/opt/ros/humble/local/lib/python3.10/dist-packages/rosidl_adapter/main.py", line 53, in main
[1.696s]       abs_idl_file = convert_to_idl(
[1.697s]                      ^^^^^^^^^^^^^^^
[1.697s]     File "/opt/ros/humble/local/lib/python3.10/dist-packages/rosidl_adapter/__init__.py", line 18, in convert_to_idl
[1.698s]       from rosidl_adapter.msg import convert_msg_to_idl
[1.698s]     File "/opt/ros/humble/local/lib/python3.10/dist-packages/rosidl_adapter/msg/__init__.py", line 16, in <module>
[1.699s]       from rosidl_adapter.resource import expand_template
[1.699s]     File "/opt/ros/humble/local/lib/python3.10/dist-packages/rosidl_adapter/resource/__init__.py", line 19, in <module>
[1.700s]       import em
[1.701s] 
[1.702s]   ModuleNotFoundError: No module named 'em'
[1.704s] 
[1.705s] Call Stack (most recent call first):
[1.706s]   /opt/ros/humble/share/rosidl_cmake/cmake/rosidl_generate_interfaces.cmake:130 (rosidl_adapt_interfaces)
[1.707s]   CMakeLists.txt:39 (rosidl_generate_interfaces)
[1.707s] 
[1.707s] [0m
[1.708s] -- Configuring incomplete, errors occurred!
[1.708s] See also "/home/urc/rover/build/realsense2_camera_msgs/CMakeFiles/CMakeOutput.log".
[1.712s] Invoked command in '/home/urc/rover/build/realsense2_camera_msgs' returned '1': CMAKE_PREFIX_PATH=/opt/ros/humble /usr/bin/cmake /home/urc/rover/src/realsense-ros/realsense2_camera_msgs -DCMAKE_INSTALL_PREFIX=/home/urc/rover/install/realsense2_camera_msgs
