[0.060s] Invoking command in '/home/urc/rover/build/realsense2_camera_msgs': CMAKE_PREFIX_PATH=/opt/ros/humble PS1=(nix:$name)\040\[\e[0;34m\](devenv)\[\e[0m\] ${debian_chroot:+($debian_chroot)}\u@\h:\w\$ /usr/bin/cmake /home/urc/rover/src/realsense-ros/realsense2_camera_msgs -DCMAKE_INSTALL_PREFIX=/home/urc/rover/install/realsense2_camera_msgs
[0.741s] -- The C compiler identification is GNU 13.2.0
[1.389s] -- The CXX compiler identification is GNU 13.2.0
[1.473s] -- Detecting C compiler ABI info
[2.022s] -- Detecting C compiler ABI info - done
[2.060s] -- Check for working C compiler: /nix/store/49nb1m1ysq0vx31qp94alpmi6ccsq9l3-gcc-wrapper-13.2.0/bin/gcc - skipped
[2.062s] -- Detecting C compile features
[2.065s] -- Detecting C compile features - done
[2.081s] -- Detecting CXX compiler ABI info
[2.769s] -- Detecting CXX compiler ABI info - done
[2.809s] -- Check for working CXX compiler: /nix/store/49nb1m1ysq0vx31qp94alpmi6ccsq9l3-gcc-wrapper-13.2.0/bin/g++ - skipped
[2.810s] -- Detecting CXX compile features
[2.812s] -- Detecting CXX compile features - done
[2.840s] -- Found ament_cmake: 1.3.10 (/opt/ros/humble/share/ament_cmake/cmake)
[3.753s] -- Found Python3: /nix/store/kbazl84h1h25mcx4amwiyfhrx3f61nfc-python3-3.11.8-env/bin/python3 (found version "3.11.8") found components: Interpreter 
[4.501s] -- Found rosidl_default_generators: 1.2.0 (/opt/ros/humble/share/rosidl_default_generators/cmake)
[4.530s] -- Using all available rosidl_typesupport_c: rosidl_typesupport_fastrtps_c;rosidl_typesupport_introspection_c
[4.600s] -- Found rosidl_adapter: 3.1.5 (/opt/ros/humble/share/rosidl_adapter/cmake)
[4.786s] [33mCMake Warning at /opt/ros/humble/share/rcutils/cmake/ament_cmake_export_libraries-extras.cmake:116 (message):
[4.787s]   Package 'rcutils' exports library 'dl' which couldn't be found
[4.787s] Call Stack (most recent call first):
[4.787s]   /opt/ros/humble/share/rcutils/cmake/rcutilsConfig.cmake:41 (include)
[4.788s]   /opt/ros/humble/share/rosidl_runtime_c/cmake/ament_cmake_export_dependencies-extras.cmake:21 (find_package)
[4.788s]   /opt/ros/humble/share/rosidl_runtime_c/cmake/rosidl_runtime_cConfig.cmake:41 (include)
[4.789s]   /opt/ros/humble/share/rosidl_typesupport_fastrtps_c/cmake/ament_cmake_export_dependencies-extras.cmake:21 (find_package)
[4.789s]   /opt/ros/humble/share/rosidl_typesupport_fastrtps_c/cmake/rosidl_typesupport_fastrtps_cConfig.cmake:41 (include)
[4.789s]   /opt/ros/humble/share/rosidl_typesupport_c/cmake/rosidl_typesupport_c-extras.cmake:13 (find_package)
[4.790s]   /opt/ros/humble/share/rosidl_typesupport_c/cmake/rosidl_typesupport_cConfig.cmake:41 (include)
[4.790s]   /opt/ros/humble/share/rosidl_default_generators/cmake/rosidl_default_generators-extras.cmake:21 (find_package)
[4.790s]   /opt/ros/humble/share/rosidl_default_generators/cmake/rosidl_default_generatorsConfig.cmake:41 (include)
[4.791s]   CMakeLists.txt:28 (find_package)
[4.791s] 
[4.791s] [0m
[4.931s] -- Using all available rosidl_typesupport_cpp: rosidl_typesupport_fastrtps_cpp;rosidl_typesupport_introspection_cpp
[5.185s] -- Found builtin_interfaces: 1.2.1 (/opt/ros/humble/share/builtin_interfaces/cmake)
[5.284s] -- Found std_msgs: 4.2.4 (/opt/ros/humble/share/std_msgs/cmake)
[5.371s] -- Found sensor_msgs: 4.2.4 (/opt/ros/humble/share/sensor_msgs/cmake)
[6.140s] [31mCMake Error at /opt/ros/humble/share/rosidl_adapter/cmake/rosidl_adapt_interfaces.cmake:59 (message):
[6.140s]   
[6.141s]   execute_process(/nix/store/kbazl84h1h25mcx4amwiyfhrx3f61nfc-python3-3.11.8-env/bin/python3
[6.141s]   -m rosidl_adapter --package-name realsense2_camera_msgs --arguments-file
[6.142s]   /home/urc/rover/build/realsense2_camera_msgs/rosidl_adapter__arguments__realsense2_camera_msgs.json
[6.142s]   --output-dir
[6.142s]   /home/urc/rover/build/realsense2_camera_msgs/rosidl_adapter/realsense2_camera_msgs
[6.143s]   --output-file
[6.143s]   /home/urc/rover/build/realsense2_camera_msgs/rosidl_adapter/realsense2_camera_msgs.idls)
[6.143s]   returned error code 1:
[6.144s] 
[6.144s]   Traceback (most recent call last):
[6.144s] 
[6.145s]     File "<frozen runpy>", line 198, in _run_module_as_main
[6.145s]     File "<frozen runpy>", line 88, in _run_code
[6.146s]     File "/opt/ros/humble/local/lib/python3.10/dist-packages/rosidl_adapter/__main__.py", line 19, in <module>
[6.147s]       sys.exit(main())
[6.147s]                ^^^^^^
[6.147s]     File "/opt/ros/humble/local/lib/python3.10/dist-packages/rosidl_adapter/main.py", line 53, in main
[6.148s]       abs_idl_file = convert_to_idl(
[6.149s]                      ^^^^^^^^^^^^^^^
[6.149s]     File "/opt/ros/humble/local/lib/python3.10/dist-packages/rosidl_adapter/__init__.py", line 18, in convert_to_idl
[6.150s]       from rosidl_adapter.msg import convert_msg_to_idl
[6.150s]     File "/opt/ros/humble/local/lib/python3.10/dist-packages/rosidl_adapter/msg/__init__.py", line 16, in <module>
[6.151s]       from rosidl_adapter.resource import expand_template
[6.151s]     File "/opt/ros/humble/local/lib/python3.10/dist-packages/rosidl_adapter/resource/__init__.py", line 19, in <module>
[6.152s]       import em
[6.152s] 
[6.152s]   ModuleNotFoundError: No module named 'em'
[6.153s] 
[6.154s] Call Stack (most recent call first):
[6.155s]   /opt/ros/humble/share/rosidl_cmake/cmake/rosidl_generate_interfaces.cmake:130 (rosidl_adapt_interfaces)
[6.156s]   CMakeLists.txt:39 (rosidl_generate_interfaces)
[6.157s] 
[6.158s] [0m
[6.159s] -- Configuring incomplete, errors occurred!
[6.159s] See also "/home/urc/rover/build/realsense2_camera_msgs/CMakeFiles/CMakeOutput.log".
[6.168s] Invoked command in '/home/urc/rover/build/realsense2_camera_msgs' returned '1': CMAKE_PREFIX_PATH=/opt/ros/humble PS1=(nix:$name)\040\[\e[0;34m\](devenv)\[\e[0m\] ${debian_chroot:+($debian_chroot)}\u@\h:\w\$ /usr/bin/cmake /home/urc/rover/src/realsense-ros/realsense2_camera_msgs -DCMAKE_INSTALL_PREFIX=/home/urc/rover/install/realsense2_camera_msgs
