[0.000000] (-) TimerEvent: {}
[0.001740] (realsense2_camera_msgs) JobQueued: {'identifier': 'realsense2_camera_msgs', 'dependencies': OrderedDict()}
[0.002402] (realsense2_camera) JobQueued: {'identifier': 'realsense2_camera', 'dependencies': OrderedDict([('realsense2_camera_msgs', '/home/urc/rover/install/realsense2_camera_msgs')])}
[0.002905] (realsense2_description) JobQueued: {'identifier': 'realsense2_description', 'dependencies': OrderedDict([('realsense2_camera_msgs', '/home/urc/rover/install/realsense2_camera_msgs')])}
[0.003115] (realsense2_camera_msgs) JobStarted: {'identifier': 'realsense2_camera_msgs'}
[0.039434] (realsense2_camera_msgs) JobProgress: {'identifier': 'realsense2_camera_msgs', 'progress': 'cmake'}
[0.042703] (realsense2_camera_msgs) Command: {'cmd': ['/usr/bin/cmake', '/home/urc/rover/src/realsense-ros/realsense2_camera_msgs', '-DCMAKE_INSTALL_PREFIX=/home/urc/rover/install/realsense2_camera_msgs'], 'cwd': '/home/urc/rover/build/realsense2_camera_msgs', 'env': OrderedDict([('LESSOPEN', '| /usr/bin/lesspipe %s'), ('USER', 'urc'), ('SSH_CLIENT', 'fe80::1c10:25ce:3c60:ad61%wlan0 64859 22'), ('XDG_SESSION_TYPE', 'tty'), ('SHLVL', '1'), ('LD_LIBRARY_PATH', '/opt/ros/humble/lib/aarch64-linux-gnu:/opt/ros/humble/lib'), ('MOTD_SHOWN', 'pam'), ('HOME', '/home/urc'), ('OLDPWD', '/home/urc'), ('SSH_TTY', '/dev/pts/0'), ('ROS_PYTHON_VERSION', '3'), ('NIX_PROFILES', '/nix/var/nix/profiles/default /home/urc/.nix-profile'), ('DBUS_SESSION_BUS_ADDRESS', 'unix:path=/run/user/1000/bus'), ('ROS_DISTRO', 'humble'), ('LOGNAME', 'urc'), ('_', '/usr/bin/colcon'), ('ROS_VERSION', '2'), ('XDG_SESSION_CLASS', 'user'), ('TERM', 'alacritty'), ('XDG_SESSION_ID', '4'), ('ROS_LOCALHOST_ONLY', '0'), ('PATH', '/opt/ros/humble/bin:/home/urc/.nix-profile/bin:/nix/var/nix/profiles/default/bin:/usr/local/sbin:/usr/local/bin:/usr/sbin:/usr/bin:/sbin:/bin:/usr/games:/usr/local/games:/snap/bin'), ('XDG_RUNTIME_DIR', '/run/user/1000'), ('LANG', 'C.UTF-8'), ('LS_COLORS', ''), ('AMENT_PREFIX_PATH', '/opt/ros/humble'), ('SHELL', '/bin/bash'), ('LESSCLOSE', '/usr/bin/lesspipe %s %s'), ('NIX_SSL_CERT_FILE', '/etc/ssl/certs/ca-certificates.crt'), ('PWD', '/home/urc/rover/build/realsense2_camera_msgs'), ('LC_ALL', 'en_US.UTF-8'), ('SSH_CONNECTION', 'fe80::1c10:25ce:3c60:ad61%wlan0 64859 fe80::dea6:32ff:fea4:2801%wlan0 22'), ('XDG_DATA_DIRS', '/usr/local/share:/usr/share:/home/urc/.nix-profile/share:/nix/var/nix/profiles/default/share:/var/lib/snapd/desktop'), ('PYTHONPATH', '/opt/ros/humble/lib/python3.10/site-packages:/opt/ros/humble/local/lib/python3.10/dist-packages'), ('COLCON', '1'), ('CMAKE_PREFIX_PATH', '/opt/ros/humble')]), 'shell': False}
[0.099015] (-) TimerEvent: {}
[0.100425] (realsense2_camera_msgs) StdoutLine: {'line': b'-- Found ament_cmake: 1.3.10 (/opt/ros/humble/share/ament_cmake/cmake)\n'}
[0.199144] (-) TimerEvent: {}
[0.299819] (-) TimerEvent: {}
[0.400566] (-) TimerEvent: {}
[0.501390] (-) TimerEvent: {}
[0.602119] (-) TimerEvent: {}
[0.702841] (-) TimerEvent: {}
[0.710154] (realsense2_camera_msgs) StdoutLine: {'line': b'-- Found rosidl_default_generators: 1.2.0 (/opt/ros/humble/share/rosidl_default_generators/cmake)\n'}
[0.717241] (realsense2_camera_msgs) StdoutLine: {'line': b'-- Using all available rosidl_typesupport_c: rosidl_typesupport_fastrtps_c;rosidl_typesupport_introspection_c\n'}
[0.730239] (realsense2_camera_msgs) StdoutLine: {'line': b'-- Found rosidl_adapter: 3.1.5 (/opt/ros/humble/share/rosidl_adapter/cmake)\n'}
[0.803008] (-) TimerEvent: {}
[0.809004] (realsense2_camera_msgs) StderrLine: {'line': b'\x1b[33mCMake Warning at /opt/ros/humble/share/rcutils/cmake/ament_cmake_export_libraries-extras.cmake:116 (message):\n'}
[0.809809] (realsense2_camera_msgs) StderrLine: {'line': b"  Package 'rcutils' exports library 'dl' which couldn't be found\n"}
[0.810195] (realsense2_camera_msgs) StderrLine: {'line': b'Call Stack (most recent call first):\n'}
[0.810541] (realsense2_camera_msgs) StderrLine: {'line': b'  /opt/ros/humble/share/rcutils/cmake/rcutilsConfig.cmake:41 (include)\n'}
[0.810875] (realsense2_camera_msgs) StderrLine: {'line': b'  /opt/ros/humble/share/rosidl_runtime_c/cmake/ament_cmake_export_dependencies-extras.cmake:21 (find_package)\n'}
[0.811308] (realsense2_camera_msgs) StderrLine: {'line': b'  /opt/ros/humble/share/rosidl_runtime_c/cmake/rosidl_runtime_cConfig.cmake:41 (include)\n'}
[0.811680] (realsense2_camera_msgs) StderrLine: {'line': b'  /opt/ros/humble/share/rosidl_typesupport_fastrtps_c/cmake/ament_cmake_export_dependencies-extras.cmake:21 (find_package)\n'}
[0.812008] (realsense2_camera_msgs) StderrLine: {'line': b'  /opt/ros/humble/share/rosidl_typesupport_fastrtps_c/cmake/rosidl_typesupport_fastrtps_cConfig.cmake:41 (include)\n'}
[0.812335] (realsense2_camera_msgs) StderrLine: {'line': b'  /opt/ros/humble/share/rosidl_typesupport_c/cmake/rosidl_typesupport_c-extras.cmake:13 (find_package)\n'}
[0.812663] (realsense2_camera_msgs) StderrLine: {'line': b'  /opt/ros/humble/share/rosidl_typesupport_c/cmake/rosidl_typesupport_cConfig.cmake:41 (include)\n'}
[0.812988] (realsense2_camera_msgs) StderrLine: {'line': b'  /opt/ros/humble/share/rosidl_default_generators/cmake/rosidl_default_generators-extras.cmake:21 (find_package)\n'}
[0.813414] (realsense2_camera_msgs) StderrLine: {'line': b'  /opt/ros/humble/share/rosidl_default_generators/cmake/rosidl_default_generatorsConfig.cmake:41 (include)\n'}
[0.813765] (realsense2_camera_msgs) StderrLine: {'line': b'  CMakeLists.txt:28 (find_package)\n'}
[0.814092] (realsense2_camera_msgs) StderrLine: {'line': b'\n'}
[0.814412] (realsense2_camera_msgs) StderrLine: {'line': b'\x1b[0m\n'}
[0.878816] (realsense2_camera_msgs) StdoutLine: {'line': b'-- Using all available rosidl_typesupport_cpp: rosidl_typesupport_fastrtps_cpp;rosidl_typesupport_introspection_cpp\n'}
[0.903168] (-) TimerEvent: {}
[0.996368] (realsense2_camera_msgs) StdoutLine: {'line': b'-- Found builtin_interfaces: 1.2.1 (/opt/ros/humble/share/builtin_interfaces/cmake)\n'}
[1.003325] (-) TimerEvent: {}
[1.045485] (realsense2_camera_msgs) StdoutLine: {'line': b'-- Found std_msgs: 4.2.4 (/opt/ros/humble/share/std_msgs/cmake)\n'}
[1.095296] (realsense2_camera_msgs) StdoutLine: {'line': b'-- Found sensor_msgs: 4.2.4 (/opt/ros/humble/share/sensor_msgs/cmake)\n'}
[1.103487] (-) TimerEvent: {}
[1.204180] (-) TimerEvent: {}
[1.304942] (-) TimerEvent: {}
[1.406105] (-) TimerEvent: {}
[1.506892] (-) TimerEvent: {}
[1.607605] (-) TimerEvent: {}
[1.690875] (realsense2_camera_msgs) StderrLine: {'line': b'\x1b[31mCMake Error at /opt/ros/humble/share/rosidl_adapter/cmake/rosidl_adapt_interfaces.cmake:59 (message):\n'}
[1.691440] (realsense2_camera_msgs) StderrLine: {'line': b'  \n'}
[1.691951] (realsense2_camera_msgs) StderrLine: {'line': b'  execute_process(/nix/store/kbazl84h1h25mcx4amwiyfhrx3f61nfc-python3-3.11.8-env/bin/python3\n'}
[1.692359] (realsense2_camera_msgs) StderrLine: {'line': b'  -m rosidl_adapter --package-name realsense2_camera_msgs --arguments-file\n'}
[1.692689] (realsense2_camera_msgs) StderrLine: {'line': b'  /home/urc/rover/build/realsense2_camera_msgs/rosidl_adapter__arguments__realsense2_camera_msgs.json\n'}
[1.693020] (realsense2_camera_msgs) StderrLine: {'line': b'  --output-dir\n'}
[1.693411] (realsense2_camera_msgs) StderrLine: {'line': b'  /home/urc/rover/build/realsense2_camera_msgs/rosidl_adapter/realsense2_camera_msgs\n'}
[1.693775] (realsense2_camera_msgs) StderrLine: {'line': b'  --output-file\n'}
[1.694086] (realsense2_camera_msgs) StderrLine: {'line': b'  /home/urc/rover/build/realsense2_camera_msgs/rosidl_adapter/realsense2_camera_msgs.idls)\n'}
[1.694393] (realsense2_camera_msgs) StderrLine: {'line': b'  returned error code 1:\n'}
[1.694734] (realsense2_camera_msgs) StderrLine: {'line': b'\n'}
[1.695086] (realsense2_camera_msgs) StderrLine: {'line': b'  Traceback (most recent call last):\n'}
[1.695538] (realsense2_camera_msgs) StderrLine: {'line': b'\n'}
[1.695951] (realsense2_camera_msgs) StderrLine: {'line': b'    File "<frozen runpy>", line 198, in _run_module_as_main\n'}
[1.696310] (realsense2_camera_msgs) StderrLine: {'line': b'    File "<frozen runpy>", line 88, in _run_code\n'}
[1.696808] (realsense2_camera_msgs) StderrLine: {'line': b'    File "/opt/ros/humble/local/lib/python3.10/dist-packages/rosidl_adapter/__main__.py", line 19, in <module>\n'}
[1.697374] (realsense2_camera_msgs) StderrLine: {'line': b'      sys.exit(main())\n'}
[1.697804] (realsense2_camera_msgs) StderrLine: {'line': b'               ^^^^^^\n'}
[1.698412] (realsense2_camera_msgs) StderrLine: {'line': b'    File "/opt/ros/humble/local/lib/python3.10/dist-packages/rosidl_adapter/main.py", line 53, in main\n'}
[1.699099] (realsense2_camera_msgs) StderrLine: {'line': b'      abs_idl_file = convert_to_idl(\n'}
[1.699634] (realsense2_camera_msgs) StderrLine: {'line': b'                     ^^^^^^^^^^^^^^^\n'}
[1.700145] (realsense2_camera_msgs) StderrLine: {'line': b'    File "/opt/ros/humble/local/lib/python3.10/dist-packages/rosidl_adapter/__init__.py", line 18, in convert_to_idl\n'}
[1.700615] (realsense2_camera_msgs) StderrLine: {'line': b'      from rosidl_adapter.msg import convert_msg_to_idl\n'}
[1.701116] (realsense2_camera_msgs) StderrLine: {'line': b'    File "/opt/ros/humble/local/lib/python3.10/dist-packages/rosidl_adapter/msg/__init__.py", line 16, in <module>\n'}
[1.701710] (realsense2_camera_msgs) StderrLine: {'line': b'      from rosidl_adapter.resource import expand_template\n'}
[1.702263] (realsense2_camera_msgs) StderrLine: {'line': b'    File "/opt/ros/humble/local/lib/python3.10/dist-packages/rosidl_adapter/resource/__init__.py", line 19, in <module>\n'}
[1.702939] (realsense2_camera_msgs) StderrLine: {'line': b'      import em\n'}
[1.703788] (realsense2_camera_msgs) StderrLine: {'line': b'\n'}
[1.704853] (realsense2_camera_msgs) StderrLine: {'line': b"  ModuleNotFoundError: No module named 'em'\n"}
[1.706081] (realsense2_camera_msgs) StderrLine: {'line': b'\n'}
[1.707342] (realsense2_camera_msgs) StderrLine: {'line': b'Call Stack (most recent call first):\n'}
[1.708489] (-) TimerEvent: {}
[1.709001] (realsense2_camera_msgs) StderrLine: {'line': b'  /opt/ros/humble/share/rosidl_cmake/cmake/rosidl_generate_interfaces.cmake:130 (rosidl_adapt_interfaces)\n'}
[1.709667] (realsense2_camera_msgs) StderrLine: {'line': b'  CMakeLists.txt:39 (rosidl_generate_interfaces)\n'}
[1.710133] (realsense2_camera_msgs) StderrLine: {'line': b'\n'}
[1.710522] (realsense2_camera_msgs) StderrLine: {'line': b'\x1b[0m\n'}
[1.710877] (realsense2_camera_msgs) StdoutLine: {'line': b'-- Configuring incomplete, errors occurred!\n'}
[1.711242] (realsense2_camera_msgs) StdoutLine: {'line': b'See also "/home/urc/rover/build/realsense2_camera_msgs/CMakeFiles/CMakeOutput.log".\n'}
[1.715120] (realsense2_camera_msgs) CommandEnded: {'returncode': 1}
[1.801502] (realsense2_camera_msgs) JobEnded: {'identifier': 'realsense2_camera_msgs', 'rc': 1}
[1.808613] (-) TimerEvent: {}
[1.812985] (realsense2_camera) JobSkipped: {'identifier': 'realsense2_camera'}
[1.813235] (realsense2_description) JobSkipped: {'identifier': 'realsense2_description'}
[1.813353] (-) EventReactorShutdown: {}
