[0.000000] (-) TimerEvent: {}
[0.001266] (realsense2_camera_msgs) JobQueued: {'identifier': 'realsense2_camera_msgs', 'dependencies': OrderedDict()}
[0.001528] (realsense2_camera) JobQueued: {'identifier': 'realsense2_camera', 'dependencies': OrderedDict([('realsense2_camera_msgs', '/home/urc/rover/install/realsense2_camera_msgs')])}
[0.001865] (realsense2_description) JobQueued: {'identifier': 'realsense2_description', 'dependencies': OrderedDict([('realsense2_camera_msgs', '/home/urc/rover/install/realsense2_camera_msgs')])}
[0.002074] (realsense2_camera_msgs) JobStarted: {'identifier': 'realsense2_camera_msgs'}
[0.070466] (realsense2_camera_msgs) JobProgress: {'identifier': 'realsense2_camera_msgs', 'progress': 'cmake'}
[0.074522] (realsense2_camera_msgs) Command: {'cmd': ['/usr/bin/cmake', '/home/urc/rover/src/realsense-ros/realsense2_camera_msgs', '-DCMAKE_INSTALL_PREFIX=/home/urc/rover/install/realsense2_camera_msgs'], 'cwd': '/home/urc/rover/build/realsense2_camera_msgs', 'env': OrderedDict([('LESSOPEN', '| /usr/bin/lesspipe %s'), ('NIX_CC', '/nix/store/49nb1m1ysq0vx31qp94alpmi6ccsq9l3-gcc-wrapper-13.2.0'), ('NIX_BINTOOLS_WRAPPER_TARGET_HOST_aarch64_unknown_linux_gnu', '1'), ('USER', 'urc'), ('SSH_CLIENT', 'fe80::1c10:25ce:3c60:ad61%wlan0 64859 22'), ('DEVENV_RUNTIME', '/run/user/1000/devenv-cd1232b'), ('XDG_SESSION_TYPE', 'tty'), ('OBJCOPY', 'objcopy'), ('TEMPDIR', '/tmp/nix-shell.BQz4Lk'), ('SIZE', 'size'), ('SHLVL', '2'), ('LD_LIBRARY_PATH', '/opt/ros/humble/lib/aarch64-linux-gnu:/opt/ros/humble/lib'), ('MOTD_SHOWN', 'pam'), ('HOME', '/home/urc'), ('DEVENV_NIX', '/nix/store/4xzm9n56q5caymlx1fxilnsv7dkpc0x1-nix-2.21-devenv'), ('OLDPWD', '/home/urc/rover/src'), ('SSH_TTY', '/dev/pts/0'), ('ROS_PYTHON_VERSION', '3'), ('PS1', '(nix:$name)\\040\\[\\e[0;34m\\](devenv)\\[\\e[0m\\] ${debian_chroot:+($debian_chroot)}\\u@\\h:\\w\\$'), ('STRINGS', 'strings'), ('NIX_PROFILES', '/nix/var/nix/profiles/default /home/urc/.nix-profile'), ('SSL_CERT_FILE', '/usr/lib/ssl/certs/ca-certificates.crt'), ('DBUS_SESSION_BUS_ADDRESS', 'unix:path=/run/user/1000/bus'), ('PKG_CONFIG', 'pkg-config'), ('NIX_ENFORCE_NO_NATIVE', '1'), ('DEVENV_DOTFILE', '/home/urc/rover/.devenv'), ('DEVENV_ROOT', '/home/urc/rover'), ('mesonFlags', ''), ('TMPDIR', '/tmp/nix-shell.BQz4Lk'), ('STRIP', 'strip'), ('ROS_DISTRO', 'humble'), ('LOGNAME', 'urc'), ('NIX_GCROOT', '/nix/store/75f4a82vrallvjva2y83d9bis7sgxfjb-devenv-shell-env'), ('DIRENV_ACTIVE', '/home/urc/rover:'), ('NIX_BINTOOLS', '/nix/store/nixrnab9i9ns541dz81yg3xy4acn6d12-binutils-wrapper-2.41'), ('cmakeFlags', ''), ('TEMP', '/tmp/nix-shell.BQz4Lk'), ('_', '/usr/bin/colcon'), ('ROS_VERSION', '2'), ('PKG_CONFIG_PATH', '/nix/store/kbazl84h1h25mcx4amwiyfhrx3f61nfc-python3-3.11.8-env/lib/pkgconfig:/nix/store/ly0vfihn4krqrxa8s8yb3pwj8fjmxqy5-librealsense-2.54.2-dev/lib/pkgconfig'), ('READELF', 'readelf'), ('XDG_SESSION_CLASS', 'user'), ('AR', 'ar'), ('NIX_CFLAGS_COMPILE', ' -frandom-seed=75f4a82vra -isystem /nix/store/kbazl84h1h25mcx4amwiyfhrx3f61nfc-python3-3.11.8-env/include -isystem /nix/store/ly0vfihn4krqrxa8s8yb3pwj8fjmxqy5-librealsense-2.54.2-dev/include -isystem /nix/store/kbazl84h1h25mcx4amwiyfhrx3f61nfc-python3-3.11.8-env/include -isystem /nix/store/ly0vfihn4krqrxa8s8yb3pwj8fjmxqy5-librealsense-2.54.2-dev/include'), ('IN_NIX_SHELL', 'impure'), ('TERM', 'alacritty'), ('AS', 'as'), ('XDG_SESSION_ID', '4'), ('ROS_LOCALHOST_ONLY', '0'), ('PATH', '/nix/store/kbazl84h1h25mcx4amwiyfhrx3f61nfc-python3-3.11.8-env/bin:/nix/store/snmm315l2m8plcnlymvg07nza61rfmqx-hello/bin:/nix/store/r2hgky1da9cm621vyfspjvg846n108bi-git-2.44.0/bin:/nix/store/5d73b80ma2navc899cv4467056y8yqdb-librealsense-2.54.2/bin:/nix/store/hq14wsc58r6d7i0xbp6zlqyr9ag0fa4y-pkg-config-wrapper-0.29.2/bin:/nix/store/zgjzrx42nji68ypaz0nl3i6akqas6hip-patchelf-0.15.0/bin:/nix/store/49nb1m1ysq0vx31qp94alpmi6ccsq9l3-gcc-wrapper-13.2.0/bin:/nix/store/8y16aj4mk0rbck2hlg538322d5r1gi7m-gcc-13.2.0/bin:/nix/store/r5l5m3zpdf1ahbh0k6hlmbp0jaii3y78-glibc-2.39-5-bin/bin:/nix/store/ask2ry8k4y0603g95rmcxq0mds2mjcq6-coreutils-9.4/bin:/nix/store/nixrnab9i9ns541dz81yg3xy4acn6d12-binutils-wrapper-2.41/bin:/nix/store/jbrz1y7cb5za1nq20nvvgzyh4h4kv2f2-binutils-2.41/bin:/nix/store/ask2ry8k4y0603g95rmcxq0mds2mjcq6-coreutils-9.4/bin:/nix/store/b6vzfkd37p1srw1hkq92s0kqnpq6y9zn-findutils-4.9.0/bin:/nix/store/0vm9ajhh3y3lsh8pqwn51qfkj0sf3i48-diffutils-3.10/bin:/nix/store/5sp5mh914cnq72j6mc17y2flji5sj0vm-gnused-4.9/bin:/nix/store/97fjy58w7l9q0qkwig0ilk4vxj7ncfr7-gnugrep-3.11/bin:/nix/store/flaqh5qdn9y18bglpkx5inx8i27j164k-gawk-5.2.2/bin:/nix/store/n77ysc0vzx107g8kgr382l5zx3n8y4m8-gnutar-1.35/bin:/nix/store/lc4fhc2xhpdiscwcry09z5fzyx30ghik-gzip-1.13/bin:/nix/store/s4d69r766r6y5ivx3ia5gaxzs5wcpww9-bzip2-1.0.8-bin/bin:/nix/store/gllwhajbyfz7rnbydglmyd33vlzdar5n-gnumake-4.4.1/bin:/nix/store/q36009ll4v7ay3xv4na856w715nfrbn8-bash-5.2p26/bin:/nix/store/j87160bigr3zs78yb7pnjajpam6jknsd-patch-2.7.6/bin:/nix/store/1m5sgjjb9qqffvrjchra7m2231zy2d6s-xz-5.4.6-bin/bin:/nix/store/avxc978l3kbf8vzbw4pvbcjvapgd1xnl-file-5.45/bin:/home/urc/.nix-profile/bin:/nix/var/nix/profiles/default/bin:/nix/store/g6hfjfkhiiwqh5b5h50yar2jsc47kr2g-devenv-1.0.8/bin:/nix/store/a0gjgcyfzqraa9ys8h8c9sjykgaj19vm-cachix-1.7.4-bin/bin:/opt/ros/humble/bin:/home/urc/.nix-profile/bin:/nix/var/nix/profiles/default/bin:/usr/local/sbin:/usr/local/bin:/usr/sbin:/usr/bin:/sbin:/bin:/usr/games:/usr/local/games:/snap/bin'), ('system', 'aarch64-linux'), ('XDG_RUNTIME_DIR', '/run/user/1000'), ('NIX_CC_WRAPPER_TARGET_HOST_aarch64_unknown_linux_gnu', '1'), ('SOURCE_DATE_EPOCH', '315532800'), ('SSL_CERT_DIR', '/usr/lib/ssl/certs'), ('DEVENV_PROFILE', '/nix/store/zsbbvlza99m4mnf95cc5fvc9ndjlblg4-devenv-profile'), ('NIX_PKG_CONFIG_WRAPPER_TARGET_HOST_aarch64_unknown_linux_gnu', '1'), ('LANG', 'C.UTF-8'), ('NIX_LDFLAGS', '-rpath /home/urc/rover/outputs/out/lib  -L/nix/store/kbazl84h1h25mcx4amwiyfhrx3f61nfc-python3-3.11.8-env/lib -L/nix/store/5d73b80ma2navc899cv4467056y8yqdb-librealsense-2.54.2/lib -L/nix/store/kbazl84h1h25mcx4amwiyfhrx3f61nfc-python3-3.11.8-env/lib -L/nix/store/5d73b80ma2navc899cv4467056y8yqdb-librealsense-2.54.2/lib'), ('LS_COLORS', ''), ('TMP', '/tmp/nix-shell.BQz4Lk'), ('AMENT_PREFIX_PATH', '/opt/ros/humble'), ('NIX_BUILD_TOP', '/tmp/nix-shell.BQz4Lk'), ('NIX_HARDENING_ENABLE', 'bindnow format fortify fortify3 pic relro stackprotector strictoverflow'), ('SHELL', '/nix/store/q36009ll4v7ay3xv4na856w715nfrbn8-bash-5.2p26/bin/bash'), ('CXX', 'g++'), ('NIX_STORE', '/nix/store'), ('LESSCLOSE', '/usr/bin/lesspipe %s %s'), ('GREET', 'devenv'), ('NIX_SSL_CERT_FILE', '/etc/ssl/certs/ca-certificates.crt'), ('CONFIG_SHELL', '/nix/store/q36009ll4v7ay3xv4na856w715nfrbn8-bash-5.2p26/bin/bash'), ('name', 'devenv-shell-env'), ('PWD', '/home/urc/rover/build/realsense2_camera_msgs'), ('LC_ALL', 'en_US.UTF-8'), ('LD', 'ld'), ('SSH_CONNECTION', 'fe80::1c10:25ce:3c60:ad61%wlan0 64859 fe80::dea6:32ff:fea4:2801%wlan0 22'), ('LOCALE_ARCHIVE', '/nix/store/1y00g2glv4jj4yc5fv42mawl70q6dly8-glibc-locales-2.39-5/lib/locale/locale-archive'), ('XDG_DATA_DIRS', '/nix/store/kbazl84h1h25mcx4amwiyfhrx3f61nfc-python3-3.11.8-env/share:/nix/store/r2hgky1da9cm621vyfspjvg846n108bi-git-2.44.0/share:/nix/store/hq14wsc58r6d7i0xbp6zlqyr9ag0fa4y-pkg-config-wrapper-0.29.2/share:/nix/store/zgjzrx42nji68ypaz0nl3i6akqas6hip-patchelf-0.15.0/share:/usr/local/share:/usr/share:/home/urc/.nix-profile/share:/nix/var/nix/profiles/default/share:/var/lib/snapd/desktop:/home/urc/.nix-profile/share:/nix/var/nix/profiles/default/share'), ('PYTHONPATH', '/nix/store/zsbbvlza99m4mnf95cc5fvc9ndjlblg4-devenv-profile/lib/python3.11/site-packages:/opt/ros/humble/lib/python3.10/site-packages:/opt/ros/humble/local/lib/python3.10/dist-packages'), ('DEVENV_STATE', '/home/urc/rover/.devenv/state'), ('configureFlags', ''), ('CC', 'gcc'), ('RANLIB', 'ranlib'), ('COLCON', '1'), ('NM', 'nm'), ('OBJDUMP', 'objdump'), ('CMAKE_PREFIX_PATH', '/opt/ros/humble')]), 'shell': False}
[0.097843] (-) TimerEvent: {}
[0.187044] (realsense2_camera_msgs) StdoutLine: {'line': b'-- Found ament_cmake: 1.3.10 (/opt/ros/humble/share/ament_cmake/cmake)\n'}
[0.198008] (-) TimerEvent: {}
[0.298783] (-) TimerEvent: {}
[0.399497] (-) TimerEvent: {}
[0.500281] (-) TimerEvent: {}
[0.601150] (-) TimerEvent: {}
[0.701944] (-) TimerEvent: {}
[0.802769] (-) TimerEvent: {}
[0.903555] (-) TimerEvent: {}
[1.004338] (-) TimerEvent: {}
[1.105037] (-) TimerEvent: {}
[1.140808] (realsense2_camera_msgs) StdoutLine: {'line': b'-- Found rosidl_default_generators: 1.2.0 (/opt/ros/humble/share/rosidl_default_generators/cmake)\n'}
[1.153716] (realsense2_camera_msgs) StdoutLine: {'line': b'-- Using all available rosidl_typesupport_c: rosidl_typesupport_fastrtps_c;rosidl_typesupport_introspection_c\n'}
[1.172974] (realsense2_camera_msgs) StdoutLine: {'line': b'-- Found rosidl_adapter: 3.1.5 (/opt/ros/humble/share/rosidl_adapter/cmake)\n'}
[1.205200] (-) TimerEvent: {}
[1.278407] (realsense2_camera_msgs) StderrLine: {'line': b'\x1b[33mCMake Warning at /opt/ros/humble/share/rcutils/cmake/ament_cmake_export_libraries-extras.cmake:116 (message):\n'}
[1.279043] (realsense2_camera_msgs) StderrLine: {'line': b"  Package 'rcutils' exports library 'dl' which couldn't be found\n"}
[1.279431] (realsense2_camera_msgs) StderrLine: {'line': b'Call Stack (most recent call first):\n'}
[1.279853] (realsense2_camera_msgs) StderrLine: {'line': b'  /opt/ros/humble/share/rcutils/cmake/rcutilsConfig.cmake:41 (include)\n'}
[1.280212] (realsense2_camera_msgs) StderrLine: {'line': b'  /opt/ros/humble/share/rosidl_runtime_c/cmake/ament_cmake_export_dependencies-extras.cmake:21 (find_package)\n'}
[1.280548] (realsense2_camera_msgs) StderrLine: {'line': b'  /opt/ros/humble/share/rosidl_runtime_c/cmake/rosidl_runtime_cConfig.cmake:41 (include)\n'}
[1.280882] (realsense2_camera_msgs) StderrLine: {'line': b'  /opt/ros/humble/share/rosidl_typesupport_fastrtps_c/cmake/ament_cmake_export_dependencies-extras.cmake:21 (find_package)\n'}
[1.281195] (realsense2_camera_msgs) StderrLine: {'line': b'  /opt/ros/humble/share/rosidl_typesupport_fastrtps_c/cmake/rosidl_typesupport_fastrtps_cConfig.cmake:41 (include)\n'}
[1.281526] (realsense2_camera_msgs) StderrLine: {'line': b'  /opt/ros/humble/share/rosidl_typesupport_c/cmake/rosidl_typesupport_c-extras.cmake:13 (find_package)\n'}
[1.281857] (realsense2_camera_msgs) StderrLine: {'line': b'  /opt/ros/humble/share/rosidl_typesupport_c/cmake/rosidl_typesupport_cConfig.cmake:41 (include)\n'}
[1.282171] (realsense2_camera_msgs) StderrLine: {'line': b'  /opt/ros/humble/share/rosidl_default_generators/cmake/rosidl_default_generators-extras.cmake:21 (find_package)\n'}
[1.282506] (realsense2_camera_msgs) StderrLine: {'line': b'  /opt/ros/humble/share/rosidl_default_generators/cmake/rosidl_default_generatorsConfig.cmake:41 (include)\n'}
[1.282817] (realsense2_camera_msgs) StderrLine: {'line': b'  CMakeLists.txt:28 (find_package)\n'}
[1.283134] (realsense2_camera_msgs) StderrLine: {'line': b'\n'}
[1.283451] (realsense2_camera_msgs) StderrLine: {'line': b'\x1b[0m\n'}
[1.305367] (-) TimerEvent: {}
[1.372948] (realsense2_camera_msgs) StdoutLine: {'line': b'-- Using all available rosidl_typesupport_cpp: rosidl_typesupport_fastrtps_cpp;rosidl_typesupport_introspection_cpp\n'}
[1.405530] (-) TimerEvent: {}
[1.506233] (-) TimerEvent: {}
[1.523980] (realsense2_camera_msgs) StdoutLine: {'line': b'-- Found builtin_interfaces: 1.2.1 (/opt/ros/humble/share/builtin_interfaces/cmake)\n'}
[1.588855] (realsense2_camera_msgs) StdoutLine: {'line': b'-- Found std_msgs: 4.2.4 (/opt/ros/humble/share/std_msgs/cmake)\n'}
[1.606457] (-) TimerEvent: {}
[1.651019] (realsense2_camera_msgs) StdoutLine: {'line': b'-- Found sensor_msgs: 4.2.4 (/opt/ros/humble/share/sensor_msgs/cmake)\n'}
[1.706636] (-) TimerEvent: {}
[1.807321] (-) TimerEvent: {}
[1.908207] (-) TimerEvent: {}
[2.008915] (-) TimerEvent: {}
[2.109604] (-) TimerEvent: {}
[2.210348] (-) TimerEvent: {}
[2.311075] (-) TimerEvent: {}
[2.380414] (realsense2_camera_msgs) StderrLine: {'line': b'\x1b[31mCMake Error at /opt/ros/humble/share/rosidl_adapter/cmake/rosidl_adapt_interfaces.cmake:59 (message):\n'}
[2.380981] (realsense2_camera_msgs) StderrLine: {'line': b'  \n'}
[2.381382] (realsense2_camera_msgs) StderrLine: {'line': b'  execute_process(/nix/store/kbazl84h1h25mcx4amwiyfhrx3f61nfc-python3-3.11.8-env/bin/python3\n'}
[2.381786] (realsense2_camera_msgs) StderrLine: {'line': b'  -m rosidl_adapter --package-name realsense2_camera_msgs --arguments-file\n'}
[2.382089] (realsense2_camera_msgs) StderrLine: {'line': b'  /home/urc/rover/build/realsense2_camera_msgs/rosidl_adapter__arguments__realsense2_camera_msgs.json\n'}
[2.382385] (realsense2_camera_msgs) StderrLine: {'line': b'  --output-dir\n'}
[2.382673] (realsense2_camera_msgs) StderrLine: {'line': b'  /home/urc/rover/build/realsense2_camera_msgs/rosidl_adapter/realsense2_camera_msgs\n'}
[2.382962] (realsense2_camera_msgs) StderrLine: {'line': b'  --output-file\n'}
[2.383248] (realsense2_camera_msgs) StderrLine: {'line': b'  /home/urc/rover/build/realsense2_camera_msgs/rosidl_adapter/realsense2_camera_msgs.idls)\n'}
[2.383843] (realsense2_camera_msgs) StderrLine: {'line': b'  returned error code 1:\n'}
[2.384409] (realsense2_camera_msgs) StderrLine: {'line': b'\n'}
[2.384744] (realsense2_camera_msgs) StderrLine: {'line': b'  Traceback (most recent call last):\n'}
[2.385076] (realsense2_camera_msgs) StderrLine: {'line': b'\n'}
[2.385406] (realsense2_camera_msgs) StderrLine: {'line': b'    File "<frozen runpy>", line 198, in _run_module_as_main\n'}
[2.385763] (realsense2_camera_msgs) StderrLine: {'line': b'    File "<frozen runpy>", line 88, in _run_code\n'}
[2.386078] (realsense2_camera_msgs) StderrLine: {'line': b'    File "/opt/ros/humble/local/lib/python3.10/dist-packages/rosidl_adapter/__main__.py", line 19, in <module>\n'}
[2.386385] (realsense2_camera_msgs) StderrLine: {'line': b'      sys.exit(main())\n'}
[2.386923] (realsense2_camera_msgs) StderrLine: {'line': b'               ^^^^^^\n'}
[2.387275] (realsense2_camera_msgs) StderrLine: {'line': b'    File "/opt/ros/humble/local/lib/python3.10/dist-packages/rosidl_adapter/main.py", line 53, in main\n'}
[2.387620] (realsense2_camera_msgs) StderrLine: {'line': b'      abs_idl_file = convert_to_idl(\n'}
[2.388086] (realsense2_camera_msgs) StderrLine: {'line': b'                     ^^^^^^^^^^^^^^^\n'}
[2.388614] (realsense2_camera_msgs) StderrLine: {'line': b'    File "/opt/ros/humble/local/lib/python3.10/dist-packages/rosidl_adapter/__init__.py", line 18, in convert_to_idl\n'}
[2.389367] (realsense2_camera_msgs) StderrLine: {'line': b'      from rosidl_adapter.msg import convert_msg_to_idl\n'}
[2.389767] (realsense2_camera_msgs) StderrLine: {'line': b'    File "/opt/ros/humble/local/lib/python3.10/dist-packages/rosidl_adapter/msg/__init__.py", line 16, in <module>\n'}
[2.390240] (realsense2_camera_msgs) StderrLine: {'line': b'      from rosidl_adapter.resource import expand_template\n'}
[2.390934] (realsense2_camera_msgs) StderrLine: {'line': b'    File "/opt/ros/humble/local/lib/python3.10/dist-packages/rosidl_adapter/resource/__init__.py", line 19, in <module>\n'}
[2.391514] (realsense2_camera_msgs) StderrLine: {'line': b'      import em\n'}
[2.392036] (realsense2_camera_msgs) StderrLine: {'line': b'\n'}
[2.392457] (realsense2_camera_msgs) StderrLine: {'line': b"  ModuleNotFoundError: No module named 'em'\n"}
[2.392859] (realsense2_camera_msgs) StderrLine: {'line': b'\n'}
[2.393324] (realsense2_camera_msgs) StderrLine: {'line': b'Call Stack (most recent call first):\n'}
[2.393784] (realsense2_camera_msgs) StderrLine: {'line': b'  /opt/ros/humble/share/rosidl_cmake/cmake/rosidl_generate_interfaces.cmake:130 (rosidl_adapt_interfaces)\n'}
[2.394281] (realsense2_camera_msgs) StderrLine: {'line': b'  CMakeLists.txt:39 (rosidl_generate_interfaces)\n'}
[2.394817] (realsense2_camera_msgs) StderrLine: {'line': b'\n'}
[2.395842] (realsense2_camera_msgs) StderrLine: {'line': b'\x1b[0m\n'}
[2.396850] (realsense2_camera_msgs) StdoutLine: {'line': b'-- Configuring incomplete, errors occurred!\n'}
[2.397951] (realsense2_camera_msgs) StdoutLine: {'line': b'See also "/home/urc/rover/build/realsense2_camera_msgs/CMakeFiles/CMakeOutput.log".\n'}
[2.411300] (-) TimerEvent: {}
[2.413891] (realsense2_camera_msgs) CommandEnded: {'returncode': 1}
[2.511440] (-) TimerEvent: {}
[2.526423] (realsense2_camera_msgs) JobEnded: {'identifier': 'realsense2_camera_msgs', 'rc': 1}
[2.538161] (realsense2_camera) JobSkipped: {'identifier': 'realsense2_camera'}
[2.538512] (realsense2_description) JobSkipped: {'identifier': 'realsense2_description'}
[2.538685] (-) EventReactorShutdown: {}
